0 info it worked if it ends with ok
1 verbose cli [ 'C:\\Program Files\\nodejs\\node.exe',
1 verbose cli   'C:\\Program Files\\nodejs\\node_modules\\npm\\bin\\npm-cli.js',
1 verbose cli   'install',
1 verbose cli   '-g',
1 verbose cli   'n' ]
2 info using npm@5.3.0
3 info using node@v8.6.0
4 verbose npm-session 8d92cf8df227df29
5 silly install loadCurrentTree
6 silly install readGlobalPackageData
7 http fetch GET 200 https://registry.npmjs.org/n 1006ms
8 silly pacote tag manifest for n@latest fetched in 1077ms
9 silly install loadIdealTree
10 silly install cloneCurrentTreeToIdealTree
11 silly install loadShrinkwrap
12 silly install loadAllDepsIntoIdealTree
13 silly resolveWithNewModule n@2.1.8 checking installable status
14 silly currentTree webpack
15 silly idealTree webpack
15 silly idealTree `-- n@2.1.8
16 silly install generateActionsToTake
17 silly diffTrees action count 1
18 silly diffTrees add n@2.1.8
19 silly decomposeActions action count 8
20 silly decomposeActions fetch n@2.1.8
21 silly decomposeActions extract n@2.1.8
22 silly decomposeActions preinstall n@2.1.8
23 silly decomposeActions build n@2.1.8
24 silly decomposeActions install n@2.1.8
25 silly decomposeActions postinstall n@2.1.8
26 silly decomposeActions finalize n@2.1.8
27 silly decomposeActions refresh-package-json n@2.1.8
28 silly install executeActions
29 silly doSerial global-install 8
30 verbose correctMkdir C:\xampp\htdocs\jsdata\js-study\zf_js_zsdhz\_locks correctMkdir not in flight; initializing
31 verbose makeDirectory C:\xampp\htdocs\jsdata\js-study\zf_js_zsdhz\_locks creation not in flight; initializing
32 verbose makeCacheDir UID & GID are irrelevant on win32
33 verbose lock using C:\xampp\htdocs\jsdata\js-study\zf_js_zsdhz\_locks\staging-2a069fee04c8a823.lock for C:\xampp\htdocs\webpack\node_modules\.staging
34 silly doParallel extract 8
35 silly extract n@2.1.8
36 silly doReverseSerial unbuild 8
37 silly doSerial remove 8
38 silly doSerial move 8
39 silly doSerial finalize 8
40 silly finalize C:\xampp\htdocs\webpack\node_modules\n
41 silly doParallel refresh-package-json 8
42 silly refresh-package-json C:\xampp\htdocs\webpack\node_modules\n
43 verbose unlock done using C:\xampp\htdocs\jsdata\js-study\zf_js_zsdhz\_locks\staging-2a069fee04c8a823.lock for C:\xampp\htdocs\webpack\node_modules\.staging
44 verbose stack Error: Unsupported platform for n@2.1.8: wanted {"name":"n","description":"Interactively Manage All Your Node Versions","version":"2.1.8","author":{"name":"TJ Holowaychuk","email":"tj@vision-media.ca"},"homepage":"https://github.com/tj/n","bugs":{"url":"https://github.com/tj/n/issues"},"contributors":[{"name":"Travis Webb","email":"me@traviswebb.com","url":"tjw.io"},{"name":"Nimit Kalra","email":"me@nimit.io","url":"http://nimit.io"},{"name":"Troy Connor","email":"troy0820@gmail.com","url":"https://github.com/troy0820"}],"keywords":["nvm","node","version","manager","switcher","node","binary","env"],"bin":{"n":"./bin/n"},"repository":{"type":"git","url":"git://github.com/tj/n.git"},"preferGlobal":true,"os":["!win32"],"engines":{"node":"*"},"license":"MIT","_id":"n@2.1.8","bundleDependencies":false,"deprecated":false,"_resolved":"https://registry.npmjs.org/n/-/n-2.1.8.tgz","_integrity":"sha512-VN3To6jBHSdTHmv+fT00V1nBdj3MWdcOlEKBEaUtXKRqQhuN289B9Jym9P/L3rXfafAsapmh4Fcr/DUR8DGJVg==","_shasum":"9b770f6ae0a93c49c64fb614625a63cc5a22d1fd","_from":"n","_requested":{"type":"tag","registry":true,"raw":"n","name":"n","escapedName":"n","rawSpec":"","saveSpec":null,"fetchSpec":"latest"},"_spec":"n","_where":"C:\\xampp\\htdocs\\jsdata\\js-study\\zf_js_zsdhz"} (current: {"os":"win32","cpu":"x64"})
44 verbose stack     at checkPlatform (C:\Program Files\nodejs\node_modules\npm\node_modules\npm-install-checks\index.js:45:14)
44 verbose stack     at tryCatcher (C:\Program Files\nodejs\node_modules\npm\node_modules\bluebird\js\release\util.js:16:23)
44 verbose stack     at ret (eval at makeNodePromisifiedEval (C:\Program Files\nodejs\node_modules\npm\node_modules\bluebird\js\release\promisify.js:184:12), <anonymous>:13:39)
44 verbose stack     at readJson.then.catch.then (C:\Program Files\nodejs\node_modules\npm\lib\install\action\refresh-package-json.js:31:12)
44 verbose stack     at tryCatcher (C:\Program Files\nodejs\node_modules\npm\node_modules\bluebird\js\release\util.js:16:23)
44 verbose stack     at Promise._settlePromiseFromHandler (C:\Program Files\nodejs\node_modules\npm\node_modules\bluebird\js\release\promise.js:512:31)
44 verbose stack     at Promise._settlePromise (C:\Program Files\nodejs\node_modules\npm\node_modules\bluebird\js\release\promise.js:569:18)
44 verbose stack     at Promise._settlePromise0 (C:\Program Files\nodejs\node_modules\npm\node_modules\bluebird\js\release\promise.js:614:10)
44 verbose stack     at Promise._settlePromises (C:\Program Files\nodejs\node_modules\npm\node_modules\bluebird\js\release\promise.js:693:18)
44 verbose stack     at Promise._fulfill (C:\Program Files\nodejs\node_modules\npm\node_modules\bluebird\js\release\promise.js:638:18)
44 verbose stack     at Promise._settlePromise (C:\Program Files\nodejs\node_modules\npm\node_modules\bluebird\js\release\promise.js:582:21)
44 verbose stack     at Promise._settlePromise0 (C:\Program Files\nodejs\node_modules\npm\node_modules\bluebird\js\release\promise.js:614:10)
44 verbose stack     at Promise._settlePromises (C:\Program Files\nodejs\node_modules\npm\node_modules\bluebird\js\release\promise.js:693:18)
44 verbose stack     at Promise._fulfill (C:\Program Files\nodejs\node_modules\npm\node_modules\bluebird\js\release\promise.js:638:18)
44 verbose stack     at Promise._resolveCallback (C:\Program Files\nodejs\node_modules\npm\node_modules\bluebird\js\release\promise.js:432:57)
44 verbose stack     at Promise._settlePromiseFromHandler (C:\Program Files\nodejs\node_modules\npm\node_modules\bluebird\js\release\promise.js:524:17)
45 verbose pkgid n@2.1.8
46 verbose cwd C:\xampp\htdocs\jsdata\js-study\zf_js_zsdhz
47 verbose Windows_NT 6.1.7601
48 verbose argv "C:\\Program Files\\nodejs\\node.exe" "C:\\Program Files\\nodejs\\node_modules\\npm\\bin\\npm-cli.js" "install" "-g" "n"
49 verbose node v8.6.0
50 verbose npm  v5.3.0
51 error code EBADPLATFORM
52 error notsup Unsupported platform for n@2.1.8: wanted {"os":"!win32","arch":"any"} (current: {"os":"win32","arch":"x64"})
53 error notsup Valid OS:    !win32
53 error notsup Valid Arch:  any
53 error notsup Actual OS:   win32
53 error notsup Actual Arch: x64
54 verbose exit [ 1, true ]
